<?xml version="1.0" encoding="UTF-8"?>
<!-- Generated by org.testng.reporters.JUnitReportReporter -->
<testsuite hostname="DESKTOP-36TQ139" failures="0" tests="2" name="com.google.tests.N_0003_SearchResultsClickingEnterButtonTest" time="5.547" errors="0" timestamp="2024-02-04T14:40:15 EET" skipped="0">
  <testcase classname="com.google.tests.N_0003_SearchResultsClickingEnterButtonTest" name="searchResultsClickingEnterButton" time="2.879"/>
  <system-out/>
  <testcase classname="com.google.tests.N_0003_SearchResultsClickingEnterButtonTest" name="searchResultsClickingEnterButton" time="2.668"/>
  <system-out/>
</testsuite> <!-- com.google.tests.N_0003_SearchResultsClickingEnterButtonTest -->
