<?xml version="1.0" encoding="UTF-8"?>
<!-- Generated by org.testng.reporters.JUnitReportReporter -->
<testsuite hostname="DESKTOP-36TQ139" failures="0" tests="2" name="com.google.tests.N_0002_SearchResultsClickingSearchButtonOnDropDownMenuTest" time="6.539" errors="0" timestamp="2024-02-04T14:40:15 EET" skipped="0">
  <testcase classname="com.google.tests.N_0002_SearchResultsClickingSearchButtonOnDropDownMenuTest" name="searchResultsClickingSearchButtonOnDropDownMenu" time="3.540"/>
  <system-out/>
  <testcase classname="com.google.tests.N_0002_SearchResultsClickingSearchButtonOnDropDownMenuTest" name="searchResultsClickingSearchButtonOnDropDownMenu" time="2.999"/>
  <system-out/>
</testsuite> <!-- com.google.tests.N_0002_SearchResultsClickingSearchButtonOnDropDownMenuTest -->
