<?xml version="1.0" encoding="UTF-8"?>
<!-- Generated by org.testng.reporters.JUnitReportReporter -->
<testsuite hostname="DESKTOP-36TQ139" failures="0" tests="2" name="com.google.tests.N_0004_ClickSearchButtonWhenSearchFieldIsEmptyTest" time="1.938" errors="0" timestamp="2024-02-04T14:40:15 EET" skipped="0">
  <testcase classname="com.google.tests.N_0004_ClickSearchButtonWhenSearchFieldIsEmptyTest" name="clickSearchButtonWhenSearchFieldIsEmpty" time="0.875"/>
  <system-out/>
  <testcase classname="com.google.tests.N_0004_ClickSearchButtonWhenSearchFieldIsEmptyTest" name="clickSearchButtonWhenSearchFieldIsEmpty" time="1.063"/>
  <system-out/>
</testsuite> <!-- com.google.tests.N_0004_ClickSearchButtonWhenSearchFieldIsEmptyTest -->
